1502012@ukr.net
5072405@gmail.com
730game@gmail.com
a.tyukavkin@gmail.com
albion.nik@yandex.ru
aleksey.kolesnikov1980@gmail.com
aleksey.zaycev.1972@bk.ru
alexejogo@gmail.com
alexus7373@gmail.com
alexzi99@yandex.ru
altgiperon@gmail.com
andreevfoxi@gmail.com
andrey_makhin@list.ru
andymikhnuk@gmail.com
ar4a0503@gmail.com
arturparkur2@inbox.lv
arxa.nyse@gmail.com
autosoglasie@mail.ru
avgust020814@gmail.com
avsolon@yandex.ru
bomechannik@gmail.com
boosterua@gmail.com
braslolfc@gmail.com
byldozer@gmail.com
caxapok994@gmail.com
cheef127@gmail.com
cnbrdclb@gmail.com
coinosfera@gmail.com
crypto_russ@yahoo.com
cubex001@gmail.com
d.a.ss221287@gmail.com
danilaig@yandex.ru
dealforchilds@gmail.com
dimb9ih@gmail.com
dinamo38@gmail.com
djalilvano@yandex.ru
dmaksimov77@gmail.com
DT.ICO.555@gmail.com
ebalaev777@gmail.com
eskabar1975@gmail.com
eugenedjachenko@gmail.com
fighter.for.justice13@ukr.net
ger.stin@mail.ru
gidenko43@gmail.com
gjuhjv731@mail.ru
gptvinccorp@gmail.com
homemauzer@gmail.com
igor.balievich@mail.ru
investbostan@gmail.com
ipmorozov@gmail.com
johnmoscow541@gmail.com
ju_ra@mail.ru
kaminl@i.ua
katsura.sergey@gmail.com
konstantin.zavorotin@motusk.ru
koryanov13@yahoo.com
krsviktor@gmail.com
leon.gajduk@gmail.com
leongajduk@gmail.com
lopata2017doska@walla.co.il
m.ikryanov@mail.ru
maasay888@gmail.com
mainer13013@gmail.com
maxbear1875@gmail.com
maxim_777_86@inbox.ru
mel-u@ya.ru
mercuryglobalkamenev@gmail.com
mfabola@gmail.com
n004@i.ua
negativegod11@gmail.com
nemirovich82@gmail.com
noblesfze@gmail.com
Novacoint@ukr.net
olegodivel@mail.ru
otsgroup.info@gmail.com
pak111967@gmail.com
petrzhekalena18@gmail.com
philippmln@gmail.com
Pokhylko.Yevheniy@gmail.com
Potapenko.1986@gmail.com
receptor48@gmail.com
reg@homeunix.info
rineshka90@gmail.com
rukosmotrov@gmail.com
sadovskaya.irina2017@gmail.com
seamankravt@mail.ru
Shimchik-1980@yandex.ru
Skromny.bmw@gmail.com
slp2509@gmail.com
snoras77@gmail.com
speedigonzaliz@gmail.com
stepan-tkal@yandex.ru
t78691288@gmail.com
tatyana.vinokurova2012@yandex.ru
tbgroup99@gmail.com
token-miramind-pool@ex.liksagen.com
tomsolyar87@gmail.com
tpcintra@gmail.com
ukrainets.sergey@gmail.com
us.andrey.crypto@gmail.com
valdemoonra@gmail.com
vegant.space.lion@gmail.com
vitalyharin@gmail.com
vlada.kurgan@gmail.com
Vladcorvys@gmail.com
vlevin@pm.me
vm.vasylenko@gmail.com
vpadincey@mail.ru
warvova1@gmail.com
yanadats@gmail.com
zabolotnyi-vova@mail.ru
zarbazan474@gmail.com
zaycev.ac@gmail.com