1
10
0.2
0.199239
0.05
0.5
0.563430129
0.55555
0.388
0.12
0.15
1.66
0.12345
0.71186
0.48
0.4389
0.98814581 
0.15
0.19
0.1
0.1
0.37323362
0.136
0.5
9.235
0.22894652
0.4
0.11
1.093
0.5
0.1
0.499
0.03
0.15
0.175
1.01
0.15
1
0.5
1
0.5
0.2
0.355852
0.49403351
0.58
10
0.77
0.28
1.00
1
1
0.5
2
9.235
1.000604129
0.1
0.5
0.5
0.5
0.46198983
0.2
0.48
0.3
0.11
0.61
0.5
2
0.6
0.23517536
1
0.85
0.1
2
0.59944433
1
1
0.3
0.5
0.101
1.023483079
1
0.94
0.27208635
0.100000024
1
0.12036788
0.17216
5.89
0.1
3.43
0.21
0.146
0.108899
0.83999377
5
0.1
0.2
1.1
0.16
1.024
0.52
0.202391934
2
0.4
1.2
1
0.8
0.6
1.999
0.6
0.501
1.5
0.98